Response: {"success":false,"message":"Email already exists","status":409}
Response: {"success":true,"message":"User registered successfully","status":201,"data":{"id":4,"username":"Nguyen0908","email":"dovannguyen20052bv@gmail.com","role":"user"}}
Response: {"success":true,"message":"Login successful","status":200,"data":{"token":"eyJ0eXAiOiJKV1QiLCJhbGciOiJIUzI1NiJ9.eyJzdWIiOjQsInVzZXJuYW1lIjoiTmd1eWVuMDkwOCIsImVtYWlsIjoiZG92YW5uZ3V5ZW4yMDA1MmJ2QGdtYWlsLmNvbSIsInJvbGUiOiJ1c2VyIiwiZXhwIjoxNzU3NzgzNjI5LCJpYXQiOjE3NTc3ODAwMjl9.gsfnUOmmihpCJyGfJELpq4y1QIJoBkDSRb2byQDSML4","user":{"id":4,"username":"Nguyen0908","email":"dovannguyen20052bv@gmail.com","role":"user","created_at":"2025-09-13 23:13:39","updated_at":"2025-09-13 23:13:39"}}}
Response: {"success":true,"message":"User retrieved successfully","status":200,"data":{"user":{"id":4,"username":"Nguyen0908","email":"dovannguyen20052bv@gmail.com","role":"user","created_at":"2025-09-13 23:13:39","updated_at":"2025-09-13 23:13:39"}}}
Response: {"success":true,"message":"User retrieved successfully","status":200,"data":{"user":{"id":4,"username":"Nguyen0908","email":"dovannguyen20052bv@gmail.com","role":"user","created_at":"2025-09-13 23:13:39","updated_at":"2025-09-13 23:13:39"}}}
Response: {"success":true,"message":"User retrieved successfully","status":200,"data":{"user":{"id":4,"username":"Nguyen0908","email":"dovannguyen20052bv@gmail.com","role":"user","created_at":"2025-09-13 23:13:39","updated_at":"2025-09-13 23:13:39"}}}
Response: {"success":true,"message":"User retrieved successfully","status":200,"data":{"user":{"id":4,"username":"Nguyen0908","email":"dovannguyen20052bv@gmail.com","role":"user","created_at":"2025-09-13 23:13:39","updated_at":"2025-09-13 23:13:39"}}}
Response: {"success":true,"message":"User registered successfully","status":201,"data":{"id":5,"username":"gtx6688ww","email":"Dovannsguyen2005bv@gmail.com","role":"user"}}
Response: {"success":true,"message":"Login successful","status":200,"data":{"token":"eyJ0eXAiOiJKV1QiLCJhbGciOiJIUzI1NiJ9.eyJzdWIiOjUsInVzZXJuYW1lIjoiZ3R4NjY4OHd3IiwiZW1haWwiOiJEb3Zhbm5zZ3V5ZW4yMDA1YnZAZ21haWwuY29tIiwicm9sZSI6InVzZXIiLCJleHAiOjE3NTc3ODQ3MjksImlhdCI6MTc1Nzc4MTEyOX0.FEBiDSr9a-dgrVTxtgHmvnkmJz6dcr4aj7dpwLnKw3o","user":{"id":5,"username":"gtx6688ww","email":"Dovannsguyen2005bv@gmail.com","role":"user","created_at":"2025-09-13 23:32:05","updated_at":"2025-09-13 23:32:05"}}}
Response: {"success":true,"message":"User retrieved successfully","status":200,"data":{"user":{"id":5,"username":"gtx6688ww","email":"Dovannsguyen2005bv@gmail.com","role":"user","created_at":"2025-09-13 23:32:05","updated_at":"2025-09-13 23:32:05"}}}
Response: {"success":true,"message":"User registered successfully","status":201,"data":{"id":6,"username":"Nguyen123","email":"Dovanngddduyen2005bv@gmail.com","role":"user"}}
Response: {"success":true,"message":"User registered successfully","status":201,"data":{"id":7,"username":"test","email":"nguyendozxc15@gmail.com","role":"user"}}
Response: {"success":false,"message":"Username already exists","status":409}
Response: {"success":false,"message":"Username already exists","status":409}
Response: {"success":false,"message":"Email already exists","status":409}
Response: {"success":true,"message":"User registered successfully","status":201,"data":{"id":8,"username":"test2","email":"nguyendozxcd15@gmail.com","role":"user"}}
Response: {"success":true,"message":"Login successful","status":200,"data":{"token":"eyJ0eXAiOiJKV1QiLCJhbGciOiJIUzI1NiJ9.eyJzdWIiOjUsInVzZXJuYW1lIjoiZ3R4NjY4OHd3IiwiZW1haWwiOiJEb3Zhbm5zZ3V5ZW4yMDA1YnZAZ21haWwuY29tIiwicm9sZSI6InVzZXIiLCJleHAiOjE3NTc3ODU4MzksImlhdCI6MTc1Nzc4MjIzOX0.7Ql19yKBkoQBIo06WAdQ_V7AV7wJZNotEU6FBwHxLB4","user":{"id":5,"username":"gtx6688ww","email":"Dovannsguyen2005bv@gmail.com","role":"user","created_at":"2025-09-13 23:32:05","updated_at":"2025-09-13 23:32:05"}}}
Response: {"success":true,"message":"WebBlog223 API","version":"1.0.0","endpoints":{"\/auth\/register":"Register a new user","\/auth\/login":"Login user","\/auth\/me":"Get current user info","\/auth\/profile":"Update user profile","\/auth\/delete-account":"Delete user account","\/auth\/admin-only":"Admin only endpoint"}}
Response: {"success":true,"message":"User retrieved successfully","status":200,"data":{"user":{"id":5,"username":"gtx6688ww","email":"Dovannsguyen2005bv@gmail.com","role":"user","created_at":"2025-09-13 23:32:05","updated_at":"2025-09-13 23:32:05"}}}
Response: {"success":false,"message":"Access denied. Admin role required."}
Response: {"success":true,"message":"User registered successfully","status":201,"data":{"id":9,"username":"Nguyen0908ddd","email":"dovannguyessssn2005bv@gmail.com","role":"user"}}
Response: {"success":false,"message":"Passwords do not match","status":400}
Response: {"success":true,"message":"User registered successfully","status":201,"data":{"id":10,"username":"newuser562","email":"user6dd5@example.com","role":"user"}}
Response: {"success":false,"message":"Username\/email and password are required","status":400}
Response: {"success":false,"message":"Username\/email and password are required","status":400}
Response: {"success":false,"message":"Username\/email and password are required","status":400}
Response: {"success":false,"message":"Username\/email and password are required","status":400}
Response: {"success":true,"message":"Login successful","status":200,"data":{"token":"eyJ0eXAiOiJKV1QiLCJhbGciOiJIUzI1NiJ9.eyJzdWIiOjEwLCJ1c2VybmFtZSI6Im5ld3VzZXI1NjIiLCJlbWFpbCI6InVzZXI2ZGQ1QGV4YW1wbGUuY29tIiwicm9sZSI6InVzZXIiLCJleHAiOjE3NTc5MDIwOTgsImlhdCI6MTc1Nzg5ODQ5OH0.L3jtmRYIY4vAq-kyEDb0T37J4y4FTGCpTRNMFyDqr5w","user":{"id":10,"username":"newuser562","email":"user6dd5@example.com","role":"user","created_at":"2025-09-15 08:05:27","updated_at":"2025-09-15 08:05:27"}}}
Response: {"success":false,"message":"Route not found"}
Response: {"success":true,"message":"Account deleted successfully","status":200}
