Content-Type: application/json
Raw input: {"username":"Nguyen0908","email":"dovannguyen2005bv@gmail.com","password":"dovannguyen2005bv@gmail.com","confirmPassword":"dovannguyen2005bv@gmail.com"}
Decoded JSON: Array
(
    [username] => Nguyen0908
    [email] => dovannguyen2005bv@gmail.com
    [password] => dovannguyen2005bv@gmail.com
    [confirmPassword] => dovannguyen2005bv@gmail.com
)

Content-Type: application/json
Raw input: {"username":"Nguyen0908","email":"dovannguyen20052bv@gmail.com","password":"dovannguyen2005bv@gmail.com","confirmPassword":"dovannguyen2005bv@gmail.com"}
Decoded JSON: Array
(
    [username] => Nguyen0908
    [email] => dovannguyen20052bv@gmail.com
    [password] => dovannguyen2005bv@gmail.com
    [confirmPassword] => dovannguyen2005bv@gmail.com
)

Content-Type: application/json
Raw input: {"username":"dovannguyen20052bv@gmail.com","password":"dovannguyen2005bv@gmail.com"}
Decoded JSON: Array
(
    [username] => dovannguyen20052bv@gmail.com
    [password] => dovannguyen2005bv@gmail.com
)

Content-Type: application/json
Raw input: {"username":"gtx6688ww","email":"Dovannsguyen2005bv@gmail.com","password":"Dovannsguyen2005bv@gmail.com","confirmPassword":"Dovannsguyen2005bv@gmail.com"}
Decoded JSON: Array
(
    [username] => gtx6688ww
    [email] => Dovannsguyen2005bv@gmail.com
    [password] => Dovannsguyen2005bv@gmail.com
    [confirmPassword] => Dovannsguyen2005bv@gmail.com
)

Content-Type: application/json
Raw input: {"username":"Dovannsguyen2005bv@gmail.com","password":"Dovannsguyen2005bv@gmail.com"}
Decoded JSON: Array
(
    [username] => Dovannsguyen2005bv@gmail.com
    [password] => Dovannsguyen2005bv@gmail.com
)

Content-Type: application/json
Raw input: {"username":"Nguyen123","email":"Dovanngddduyen2005bv@gmail.com","password":"Dovanngddduyen2005bv@gmail.com","confirmPassword":"Dovanngddduyen2005bv@gmail.com"}
Decoded JSON: Array
(
    [username] => Nguyen123
    [email] => Dovanngddduyen2005bv@gmail.com
    [password] => Dovanngddduyen2005bv@gmail.com
    [confirmPassword] => Dovanngddduyen2005bv@gmail.com
)

Content-Type: application/json
Raw input: {"username":"test","email":"nguyendozxc15@gmail.com","password":"nguyendozxc15@gmail.com","confirmPassword":"nguyendozxc15@gmail.com"}
Decoded JSON: Array
(
    [username] => test
    [email] => nguyendozxc15@gmail.com
    [password] => nguyendozxc15@gmail.com
    [confirmPassword] => nguyendozxc15@gmail.com
)

Content-Type: application/json
Raw input: {"username":"test","email":"nguyendozxc15@gmail.com","password":"nguyendozxc15@gmail.com","confirmPassword":"nguyendozxc15@gmail.com"}
Decoded JSON: Array
(
    [username] => test
    [email] => nguyendozxc15@gmail.com
    [password] => nguyendozxc15@gmail.com
    [confirmPassword] => nguyendozxc15@gmail.com
)

Content-Type: application/json
Raw input: {"username":"test","email":"nguyendozxc15@gmail.com","password":"nguyendozxc15@gmail.com","confirmPassword":"nguyendozxc15@gmail.com"}
Decoded JSON: Array
(
    [username] => test
    [email] => nguyendozxc15@gmail.com
    [password] => nguyendozxc15@gmail.com
    [confirmPassword] => nguyendozxc15@gmail.com
)

Content-Type: application/json
Raw input: {"username":"test2","email":"nguyendozxc15@gmail.com","password":"nguyendozxc15@gmail.com","confirmPassword":"nguyendozxc15@gmail.com"}
Decoded JSON: Array
(
    [username] => test2
    [email] => nguyendozxc15@gmail.com
    [password] => nguyendozxc15@gmail.com
    [confirmPassword] => nguyendozxc15@gmail.com
)

Content-Type: application/json
Raw input: {"username":"test2","email":"nguyendozxcd15@gmail.com","password":"nguyendozxc15@gmail.com","confirmPassword":"nguyendozxc15@gmail.com"}
Decoded JSON: Array
(
    [username] => test2
    [email] => nguyendozxcd15@gmail.com
    [password] => nguyendozxc15@gmail.com
    [confirmPassword] => nguyendozxc15@gmail.com
)

Content-Type: application/json
Raw input: {"username":"Dovannsguyen2005bv@gmail.com","password":"Dovannsguyen2005bv@gmail.com"}
Decoded JSON: Array
(
    [username] => Dovannsguyen2005bv@gmail.com
    [password] => Dovannsguyen2005bv@gmail.com
)

Content-Type: application/json
Raw input: {
  "post_id": 1,
  "user_id": 1,
  "content": "Bình luận thử nghiệm"
}
Decoded JSON: Array
(
    [post_id] => 1
    [user_id] => 1
    [content] => Bình luận thử nghiệm
)

Content-Type: application/json
Raw input: {
  "comment_id": 1,
  "reporter_id": 1,
  "reason": "Nội dung không phù hợp"
}
Decoded JSON: Array
(
    [comment_id] => 1
    [reporter_id] => 1
    [reason] => Nội dung không phù hợp
)

